[debug] [2021-10-18T16:20:59.492Z] ----------------------------------------------------------------------
[debug] [2021-10-18T16:20:59.494Z] Command:       C:\Program Files\nodejs\node.exe C:\Users\REDOY\AppData\Roaming\npm\node_modules\firebase-tools\lib\bin\firebase.js init
[debug] [2021-10-18T16:20:59.494Z] CLI Version:   9.20.0
[debug] [2021-10-18T16:20:59.494Z] Platform:      win32
[debug] [2021-10-18T16:20:59.494Z] Node Version:  v14.17.1
[debug] [2021-10-18T16:20:59.495Z] Time:          Mon Oct 18 2021 22:20:59 GMT+0600 (Bangladesh Standard Time)
[debug] [2021-10-18T16:20:59.495Z] ----------------------------------------------------------------------
[debug] 
[debug] [2021-10-18T16:20:59.502Z] > command requires scopes: ["email","openid","https://www.googleapis.com/auth/cloudplatformprojects.readonly","https://www.googleapis.com/auth/firebase","https://www.googleapis.com/auth/cloud-platform"]
[debug] [2021-10-18T16:20:59.502Z] > authorizing via signed-in user (akredoy234@gmail.com)
[info] 
     ######## #### ########  ######## ########     ###     ######  ########
     ##        ##  ##     ## ##       ##     ##  ##   ##  ##       ##
     ######    ##  ########  ######   ########  #########  ######  ######
     ##        ##  ##    ##  ##       ##     ## ##     ##       ## ##
     ##       #### ##     ## ######## ########  ##     ##  ######  ########

You're about to initialize a Firebase project in this directory:

  C:\Users\REDOY\OneDrive\Desktop\Assignmet -10\assignnmet-ten

[debug] [2021-10-18T16:24:41.623Z] ----------------------------------------------------------------------
[debug] [2021-10-18T16:24:41.625Z] Command:       C:\Program Files\nodejs\node.exe C:\Users\REDOY\AppData\Roaming\npm\node_modules\firebase-tools\lib\bin\firebase.js init
[debug] [2021-10-18T16:24:41.625Z] CLI Version:   9.20.0
[debug] [2021-10-18T16:24:41.625Z] Platform:      win32
[debug] [2021-10-18T16:24:41.625Z] Node Version:  v14.17.1
[debug] [2021-10-18T16:24:41.626Z] Time:          Mon Oct 18 2021 22:24:41 GMT+0600 (Bangladesh Standard Time)
[debug] [2021-10-18T16:24:41.626Z] ----------------------------------------------------------------------
[debug] 
[debug] [2021-10-18T16:24:41.633Z] > command requires scopes: ["email","openid","https://www.googleapis.com/auth/cloudplatformprojects.readonly","https://www.googleapis.com/auth/firebase","https://www.googleapis.com/auth/cloud-platform"]
[debug] [2021-10-18T16:24:41.633Z] > authorizing via signed-in user (akredoy234@gmail.com)
[info] 
     ######## #### ########  ######## ########     ###     ######  ########
     ##        ##  ##     ## ##       ##     ##  ##   ##  ##       ##
     ######    ##  ########  ######   ########  #########  ######  ######
     ##        ##  ##    ##  ##       ##     ## ##     ##       ## ##
     ##       #### ##     ## ######## ########  ##     ##  ######  ########

You're about to initialize a Firebase project in this directory:

  C:\Users\REDOY\OneDrive\Desktop\Assignmet -10\assignnmet-ten

